[21-Mar-2020 19:54:02] NOTICE: fpm is running, pid 56695
[21-Mar-2020 19:54:02] NOTICE: ready to handle connections
[21-Mar-2020 20:16:53] NOTICE: Terminating ...
[21-Mar-2020 20:16:53] NOTICE: Terminating ...
[21-Mar-2020 20:16:53] NOTICE: exiting, bye-bye!
[21-Mar-2020 20:16:57] NOTICE: fpm is running, pid 58317
[21-Mar-2020 20:16:57] NOTICE: ready to handle connections
[25-Mar-2020 08:50:13] NOTICE: Terminating ...
[25-Mar-2020 08:50:13] NOTICE: Terminating ...
[25-Mar-2020 08:50:13] NOTICE: exiting, bye-bye!
[26-Mar-2020 08:59:13] NOTICE: fpm is running, pid 7762
[26-Mar-2020 08:59:13] NOTICE: ready to handle connections
[30-Mar-2020 08:19:34] NOTICE: Terminating ...
[30-Mar-2020 08:19:34] NOTICE: Terminating ...
[30-Mar-2020 08:19:34] NOTICE: exiting, bye-bye!
[30-Mar-2020 08:19:38] NOTICE: fpm is running, pid 16149
[30-Mar-2020 08:19:38] NOTICE: ready to handle connections
[03-Apr-2020 05:06:32] NOTICE: Terminating ...
[03-Apr-2020 05:06:32] NOTICE: Terminating ...
[03-Apr-2020 05:06:32] NOTICE: exiting, bye-bye!
[06-Apr-2020 21:43:35] NOTICE: fpm is running, pid 12970
[06-Apr-2020 21:43:35] NOTICE: ready to handle connections
[11-May-2020 09:02:46] NOTICE: fpm is running, pid 39756
[11-May-2020 09:02:46] NOTICE: ready to handle connections
[11-May-2020 09:03:55] NOTICE: Terminating ...
[11-May-2020 09:03:55] NOTICE: Terminating ...
[11-May-2020 09:03:55] NOTICE: exiting, bye-bye!
[17-May-2020 14:15:12] NOTICE: fpm is running, pid 84146
[17-May-2020 14:15:12] NOTICE: ready to handle connections
[19-May-2020 12:06:10] NOTICE: Terminating ...
[19-May-2020 12:06:10] NOTICE: Terminating ...
[19-May-2020 12:06:10] NOTICE: exiting, bye-bye!
[25-May-2020 14:07:02] NOTICE: fpm is running, pid 71803
[25-May-2020 14:07:02] NOTICE: ready to handle connections
[25-May-2020 14:43:06] NOTICE: Terminating ...
[25-May-2020 14:43:06] NOTICE: Terminating ...
[25-May-2020 14:43:06] NOTICE: exiting, bye-bye!
[25-May-2020 14:43:28] NOTICE: fpm is running, pid 94822
[25-May-2020 14:43:28] NOTICE: ready to handle connections
[25-May-2020 14:50:29] NOTICE: Terminating ...
[25-May-2020 14:50:29] NOTICE: Terminating ...
[25-May-2020 14:50:29] NOTICE: exiting, bye-bye!
[25-May-2020 14:50:34] NOTICE: fpm is running, pid 94928
[25-May-2020 14:50:34] NOTICE: ready to handle connections
[25-May-2020 14:53:12] NOTICE: Terminating ...
[25-May-2020 14:53:12] NOTICE: Terminating ...
[25-May-2020 14:53:12] NOTICE: exiting, bye-bye!
[25-May-2020 14:53:48] NOTICE: fpm is running, pid 94981
[25-May-2020 14:53:48] NOTICE: ready to handle connections
[25-May-2020 15:07:41] NOTICE: Terminating ...
[25-May-2020 15:07:41] NOTICE: Terminating ...
[25-May-2020 15:07:41] NOTICE: exiting, bye-bye!
[25-May-2020 15:07:50] NOTICE: fpm is running, pid 95106
[25-May-2020 15:07:50] NOTICE: ready to handle connections
[25-May-2020 15:08:31] NOTICE: Terminating ...
[25-May-2020 15:08:31] NOTICE: Terminating ...
[25-May-2020 15:08:31] NOTICE: exiting, bye-bye!
[25-May-2020 15:13:24] NOTICE: fpm is running, pid 95163
[25-May-2020 15:13:24] NOTICE: ready to handle connections
[25-May-2020 15:13:26] NOTICE: Terminating ...
[25-May-2020 15:13:26] NOTICE: Terminating ...
[25-May-2020 15:13:26] NOTICE: exiting, bye-bye!
[25-May-2020 15:13:29] NOTICE: fpm is running, pid 95185
[25-May-2020 15:13:29] NOTICE: ready to handle connections
[25-May-2020 15:14:08] NOTICE: Terminating ...
[25-May-2020 15:14:08] NOTICE: Terminating ...
[25-May-2020 15:14:08] NOTICE: exiting, bye-bye!
[25-May-2020 15:14:11] NOTICE: fpm is running, pid 95214
[25-May-2020 15:14:11] NOTICE: ready to handle connections
[25-May-2020 15:16:22] NOTICE: Terminating ...
[25-May-2020 15:16:22] NOTICE: Terminating ...
[25-May-2020 15:16:22] NOTICE: exiting, bye-bye!
[25-May-2020 15:16:24] NOTICE: fpm is running, pid 95255
[25-May-2020 15:16:24] NOTICE: ready to handle connections
[25-May-2020 15:17:18] NOTICE: Terminating ...
[25-May-2020 15:17:18] NOTICE: Terminating ...
[25-May-2020 15:17:18] NOTICE: exiting, bye-bye!
[25-May-2020 15:17:21] NOTICE: fpm is running, pid 95285
[25-May-2020 15:17:21] NOTICE: ready to handle connections
[25-May-2020 15:26:33] NOTICE: Terminating ...
[25-May-2020 15:26:33] NOTICE: Terminating ...
[25-May-2020 15:26:33] NOTICE: exiting, bye-bye!
[25-May-2020 15:26:35] NOTICE: fpm is running, pid 95798
[25-May-2020 15:26:35] NOTICE: ready to handle connections
[25-May-2020 15:27:39] NOTICE: Terminating ...
[25-May-2020 15:27:39] NOTICE: Terminating ...
[25-May-2020 15:27:39] NOTICE: exiting, bye-bye!
[25-May-2020 15:27:41] NOTICE: fpm is running, pid 95832
[25-May-2020 15:27:41] NOTICE: ready to handle connections
[25-May-2020 15:37:19] NOTICE: Terminating ...
[25-May-2020 15:37:19] NOTICE: Terminating ...
[25-May-2020 15:37:19] NOTICE: exiting, bye-bye!
[25-May-2020 15:37:21] NOTICE: fpm is running, pid 95925
[25-May-2020 15:37:21] NOTICE: ready to handle connections
[25-May-2020 15:39:57] NOTICE: Terminating ...
[25-May-2020 15:39:57] NOTICE: Terminating ...
[25-May-2020 15:39:57] NOTICE: exiting, bye-bye!
[25-May-2020 15:40:00] NOTICE: fpm is running, pid 95965
[25-May-2020 15:40:00] NOTICE: ready to handle connections
[25-May-2020 15:42:05] NOTICE: Terminating ...
[25-May-2020 15:42:05] NOTICE: Terminating ...
[25-May-2020 15:42:05] NOTICE: exiting, bye-bye!
[25-May-2020 15:42:08] NOTICE: fpm is running, pid 96000
[25-May-2020 15:42:08] NOTICE: ready to handle connections
[25-May-2020 15:44:02] NOTICE: Terminating ...
[25-May-2020 15:44:02] NOTICE: Terminating ...
[25-May-2020 15:44:02] NOTICE: exiting, bye-bye!
[25-May-2020 15:44:22] NOTICE: fpm is running, pid 96038
[25-May-2020 15:44:22] NOTICE: ready to handle connections
[25-May-2020 15:44:24] NOTICE: Terminating ...
[25-May-2020 15:44:24] NOTICE: Terminating ...
[25-May-2020 15:44:24] NOTICE: exiting, bye-bye!
[25-May-2020 15:53:28] NOTICE: fpm is running, pid 96141
[25-May-2020 15:53:28] NOTICE: ready to handle connections
[25-May-2020 15:53:31] NOTICE: Terminating ...
[25-May-2020 15:53:31] NOTICE: Terminating ...
[25-May-2020 15:53:31] NOTICE: exiting, bye-bye!
[26-May-2020 17:54:45] NOTICE: fpm is running, pid 13283
[26-May-2020 17:54:45] NOTICE: ready to handle connections
[27-May-2020 14:07:39] NOTICE: Terminating ...
[27-May-2020 14:07:39] NOTICE: Terminating ...
[27-May-2020 14:07:39] NOTICE: exiting, bye-bye!
[27-May-2020 14:07:42] NOTICE: fpm is running, pid 23553
[27-May-2020 14:07:42] NOTICE: ready to handle connections
[27-May-2020 14:15:35] NOTICE: Terminating ...
[27-May-2020 14:15:35] NOTICE: Terminating ...
[27-May-2020 14:15:35] NOTICE: exiting, bye-bye!
[27-May-2020 14:15:38] NOTICE: fpm is running, pid 23804
[27-May-2020 14:15:38] NOTICE: ready to handle connections
[27-May-2020 14:17:18] NOTICE: Terminating ...
[27-May-2020 14:17:18] NOTICE: Terminating ...
[27-May-2020 14:17:18] NOTICE: exiting, bye-bye!
[27-May-2020 14:17:26] NOTICE: fpm is running, pid 23883
[27-May-2020 14:17:26] NOTICE: ready to handle connections
[27-May-2020 14:42:51] NOTICE: Terminating ...
[27-May-2020 14:42:51] NOTICE: Terminating ...
[27-May-2020 14:42:51] NOTICE: exiting, bye-bye!
[27-May-2020 14:42:54] NOTICE: fpm is running, pid 24492
[27-May-2020 14:42:54] NOTICE: ready to handle connections
[27-May-2020 15:03:26] NOTICE: Terminating ...
[27-May-2020 15:03:26] NOTICE: Terminating ...
[27-May-2020 15:03:26] NOTICE: exiting, bye-bye!
[28-May-2020 11:09:26] NOTICE: fpm is running, pid 29752
[28-May-2020 11:09:26] NOTICE: ready to handle connections
[28-May-2020 11:28:19] NOTICE: Terminating ...
[28-May-2020 11:28:19] NOTICE: Terminating ...
[28-May-2020 11:28:19] NOTICE: exiting, bye-bye!
[28-May-2020 11:28:21] NOTICE: fpm is running, pid 30749
[28-May-2020 11:28:21] NOTICE: ready to handle connections
[28-May-2020 11:35:19] NOTICE: Terminating ...
[28-May-2020 11:35:19] NOTICE: Terminating ...
[28-May-2020 11:35:19] NOTICE: exiting, bye-bye!
[28-May-2020 11:35:21] NOTICE: fpm is running, pid 30982
[28-May-2020 11:35:21] NOTICE: ready to handle connections
[28-May-2020 11:40:10] NOTICE: Terminating ...
[28-May-2020 11:40:10] NOTICE: Terminating ...
[28-May-2020 11:40:10] NOTICE: exiting, bye-bye!
[28-May-2020 11:40:12] NOTICE: fpm is running, pid 31030
[28-May-2020 11:40:12] NOTICE: ready to handle connections
[28-May-2020 12:10:40] NOTICE: Terminating ...
[28-May-2020 12:10:40] NOTICE: Terminating ...
[28-May-2020 12:10:40] NOTICE: exiting, bye-bye!
[28-May-2020 12:10:42] NOTICE: fpm is running, pid 31782
[28-May-2020 12:10:43] NOTICE: ready to handle connections
[28-May-2020 12:33:20] NOTICE: Terminating ...
[28-May-2020 12:33:20] NOTICE: Terminating ...
[28-May-2020 12:33:20] NOTICE: exiting, bye-bye!
[28-May-2020 12:33:23] NOTICE: fpm is running, pid 33121
[28-May-2020 12:33:23] NOTICE: ready to handle connections
[28-May-2020 12:53:17] NOTICE: Terminating ...
[28-May-2020 12:53:17] NOTICE: Terminating ...
[28-May-2020 12:53:17] NOTICE: exiting, bye-bye!
[28-May-2020 12:53:19] NOTICE: fpm is running, pid 33671
[28-May-2020 12:53:19] NOTICE: ready to handle connections
[24-Jun-2020 13:03:21] NOTICE: fpm is running, pid 10790
[24-Jun-2020 13:03:21] NOTICE: ready to handle connections
[24-Jun-2020 14:45:43] NOTICE: Terminating ...
[24-Jun-2020 14:45:43] NOTICE: Terminating ...
[24-Jun-2020 14:45:43] NOTICE: exiting, bye-bye!
[24-Jun-2020 14:46:07] NOTICE: fpm is running, pid 52917
[24-Jun-2020 14:46:07] NOTICE: ready to handle connections
[24-Jun-2020 14:47:46] WARNING: [pool www] child 52919 said into stderr: "The environment file is invalid!"
[24-Jun-2020 14:47:46] WARNING: [pool www] child 52919 said into stderr: "Failed to parse dotenv file due to unexpected whitespace. Failed at [Awesome Moment Production]."
[24-Jun-2020 14:47:48] WARNING: [pool www] child 52920 said into stderr: "The environment file is invalid!"
[24-Jun-2020 14:47:48] WARNING: [pool www] child 52920 said into stderr: "Failed to parse dotenv file due to unexpected whitespace. Failed at [Awesome Moment Production]."
[24-Jun-2020 14:47:49] WARNING: [pool www] child 52919 said into stderr: "The environment file is invalid!"
[24-Jun-2020 14:47:49] WARNING: [pool www] child 52919 said into stderr: "Failed to parse dotenv file due to unexpected whitespace. Failed at [Awesome Moment Production]."
[24-Jun-2020 14:47:49] WARNING: [pool www] child 52920 said into stderr: "The environment file is invalid!"
[24-Jun-2020 14:47:49] WARNING: [pool www] child 52920 said into stderr: "Failed to parse dotenv file due to unexpected whitespace. Failed at [Awesome Moment Production]."
[24-Jun-2020 14:47:50] WARNING: [pool www] child 52919 said into stderr: "The environment file is invalid!"
[24-Jun-2020 14:47:50] WARNING: [pool www] child 52919 said into stderr: "Failed to parse dotenv file due to unexpected whitespace. Failed at [Awesome Moment Production]."
[24-Jun-2020 14:47:51] WARNING: [pool www] child 52920 said into stderr: "The environment file is invalid!"
[24-Jun-2020 14:47:51] WARNING: [pool www] child 52920 said into stderr: "Failed to parse dotenv file due to unexpected whitespace. Failed at [Awesome Moment Production]."
[24-Jun-2020 14:47:51] WARNING: [pool www] child 52919 said into stderr: "The environment file is invalid!"
[24-Jun-2020 14:47:51] WARNING: [pool www] child 52919 said into stderr: "Failed to parse dotenv file due to unexpected whitespace. Failed at [Awesome Moment Production]."
[24-Jun-2020 14:47:51] WARNING: [pool www] child 52920 said into stderr: "The environment file is invalid!"
[24-Jun-2020 14:47:51] WARNING: [pool www] child 52920 said into stderr: "Failed to parse dotenv file due to unexpected whitespace. Failed at [Awesome Moment Production]."
[24-Jun-2020 14:48:00] NOTICE: Terminating ...
[24-Jun-2020 14:48:00] NOTICE: Terminating ...
[24-Jun-2020 14:48:00] NOTICE: exiting, bye-bye!
[24-Jun-2020 14:48:03] NOTICE: fpm is running, pid 52998
[24-Jun-2020 14:48:03] NOTICE: ready to handle connections
[24-Jun-2020 14:48:05] WARNING: [pool www] child 53000 said into stderr: "The environment file is invalid!"
[24-Jun-2020 14:48:05] WARNING: [pool www] child 53000 said into stderr: "Failed to parse dotenv file due to unexpected whitespace. Failed at [Awesome Moment Production]."
[24-Jun-2020 14:48:06] WARNING: [pool www] child 53001 said into stderr: "The environment file is invalid!"
[24-Jun-2020 14:48:06] WARNING: [pool www] child 53001 said into stderr: "Failed to parse dotenv file due to unexpected whitespace. Failed at [Awesome Moment Production]."
[24-Jun-2020 14:48:07] WARNING: [pool www] child 53000 said into stderr: "The environment file is invalid!"
[24-Jun-2020 14:48:07] WARNING: [pool www] child 53000 said into stderr: "Failed to parse dotenv file due to unexpected whitespace. Failed at [Awesome Moment Production]."
[03-Jul-2020 15:15:02] NOTICE: Terminating ...
[03-Jul-2020 15:15:02] NOTICE: Terminating ...
[03-Jul-2020 15:15:02] NOTICE: exiting, bye-bye!
[03-Jul-2020 15:15:07] NOTICE: fpm is running, pid 71502
[03-Jul-2020 15:15:07] NOTICE: ready to handle connections
[17-Jul-2020 16:23:41] NOTICE: fpm is running, pid 713
[17-Jul-2020 16:23:41] NOTICE: ready to handle connections
[17-Jul-2020 19:14:10] NOTICE: Terminating ...
[17-Jul-2020 19:14:10] NOTICE: Terminating ...
[17-Jul-2020 19:14:10] NOTICE: exiting, bye-bye!
[17-Jul-2020 19:14:13] NOTICE: fpm is running, pid 6033
[17-Jul-2020 19:14:13] NOTICE: ready to handle connections
[25-Jul-2020 19:55:54] NOTICE: fpm is running, pid 16078
[25-Jul-2020 19:55:54] NOTICE: ready to handle connections
[28-Jul-2020 09:11:47] NOTICE: Terminating ...
[28-Jul-2020 09:11:47] NOTICE: Terminating ...
[28-Jul-2020 09:11:47] NOTICE: exiting, bye-bye!
[28-Jul-2020 10:17:40] NOTICE: fpm is running, pid 7586
[28-Jul-2020 10:17:40] NOTICE: ready to handle connections
[10-Aug-2020 19:30:30] NOTICE: fpm is running, pid 8865
[10-Aug-2020 19:30:30] NOTICE: ready to handle connections
[14-Aug-2020 13:21:17] NOTICE: fpm is running, pid 86095
[14-Aug-2020 13:21:17] NOTICE: ready to handle connections
[20-Aug-2020 14:35:28] NOTICE: fpm is running, pid 27314
[20-Aug-2020 14:35:28] NOTICE: ready to handle connections
[21-Aug-2020 10:52:46] NOTICE: fpm is running, pid 2502
[21-Aug-2020 10:52:46] NOTICE: ready to handle connections
[10-Sep-2020 16:38:50] NOTICE: fpm is running, pid 33001
[10-Sep-2020 16:38:50] NOTICE: ready to handle connections
[10-Sep-2020 19:45:51] NOTICE: Terminating ...
[10-Sep-2020 19:45:51] NOTICE: Terminating ...
[10-Sep-2020 19:45:51] NOTICE: exiting, bye-bye!
[28-Oct-2020 12:42:41] NOTICE: fpm is running, pid 52892
[28-Oct-2020 12:42:41] NOTICE: ready to handle connections
[26-Nov-2020 13:45:16] NOTICE: Terminating ...
[26-Nov-2020 13:45:16] NOTICE: Terminating ...
[26-Nov-2020 13:45:16] NOTICE: exiting, bye-bye!
[01-Dec-2020 11:52:58] NOTICE: fpm is running, pid 64034
[01-Dec-2020 11:52:58] NOTICE: ready to handle connections
[07-Dec-2020 12:29:48] NOTICE: Terminating ...
[07-Dec-2020 12:29:48] NOTICE: Terminating ...
[07-Dec-2020 12:29:48] NOTICE: exiting, bye-bye!
[08-Dec-2020 15:17:45] NOTICE: fpm is running, pid 69256
[08-Dec-2020 15:17:45] NOTICE: ready to handle connections
[08-Dec-2020 15:22:07] NOTICE: Terminating ...
[08-Dec-2020 15:22:07] NOTICE: Terminating ...
[08-Dec-2020 15:22:07] NOTICE: exiting, bye-bye!
[08-Dec-2020 15:22:10] NOTICE: fpm is running, pid 69411
[08-Dec-2020 15:22:10] NOTICE: ready to handle connections
[09-Dec-2020 13:09:19] NOTICE: Terminating ...
[09-Dec-2020 13:09:19] NOTICE: Terminating ...
[09-Dec-2020 13:09:19] NOTICE: exiting, bye-bye!
[10-Dec-2020 15:37:42] NOTICE: fpm is running, pid 18936
[10-Dec-2020 15:37:42] NOTICE: ready to handle connections
[11-Dec-2020 17:57:04] NOTICE: Terminating ...
[11-Dec-2020 17:57:04] NOTICE: Terminating ...
[11-Dec-2020 17:57:04] NOTICE: exiting, bye-bye!
[11-Dec-2020 17:57:08] NOTICE: fpm is running, pid 64082
[11-Dec-2020 17:57:08] NOTICE: ready to handle connections
[11-Dec-2020 17:58:28] NOTICE: Terminating ...
[11-Dec-2020 17:58:28] NOTICE: Terminating ...
[11-Dec-2020 17:58:28] NOTICE: exiting, bye-bye!
[11-Dec-2020 17:58:31] NOTICE: fpm is running, pid 64200
[11-Dec-2020 17:58:31] NOTICE: ready to handle connections
[11-Dec-2020 18:01:14] NOTICE: Terminating ...
[11-Dec-2020 18:01:14] NOTICE: Terminating ...
[11-Dec-2020 18:01:14] NOTICE: exiting, bye-bye!
[11-Dec-2020 18:01:15] NOTICE: fpm is running, pid 64411
[11-Dec-2020 18:01:15] NOTICE: ready to handle connections
[11-Dec-2020 19:00:24] NOTICE: Terminating ...
[11-Dec-2020 19:00:24] NOTICE: Terminating ...
[11-Dec-2020 19:00:24] NOTICE: exiting, bye-bye!
[11-Dec-2020 19:00:25] NOTICE: fpm is running, pid 68335
[11-Dec-2020 19:00:25] NOTICE: ready to handle connections
[11-Dec-2020 19:07:06] NOTICE: Terminating ...
[11-Dec-2020 19:07:06] NOTICE: Terminating ...
[11-Dec-2020 19:07:06] NOTICE: exiting, bye-bye!
[11-Dec-2020 19:11:02] NOTICE: fpm is running, pid 69231
[11-Dec-2020 19:11:02] NOTICE: ready to handle connections
[18-Dec-2020 15:11:38] NOTICE: fpm is running, pid 13212
[18-Dec-2020 15:11:38] NOTICE: ready to handle connections
